start cypress-mochawesome-reporter 3.5.1
cwd: D:\CypressAutomation
cypress.json: {"reporter":"cypress-mochawesome-reporter","reporterOptions":{"reportDir":"V:\\AdminReact\\TestReports\\20231003_194701","quiet":false,"saveAllAttempts":true,"overwrite":false,"timestamp":"ddmmyyyy_HHMMss","debug":true},"setupNodeEvents":"[Function setupNodeEvents]","excludeSpecPattern":[],"testIsolation":false,"projectRoot":"D:\\CypressAutomation","projectName":"CypressAutomation","repoRoot":"D:/CypressAutomation","rawJson":{"reporter":"cypress-mochawesome-reporter","reporterOptions":{"reportDir":"V:\\AdminReact\\TestReports\\20231003_194701","quiet":false,"saveAllAttempts":true,"overwrite":false,"timestamp":"ddmmyyyy_HHMMss","debug":true},"e2e":{"setupNodeEvents":"[Function setupNodeEvents]","excludeSpecPattern":[],"testIsolation":false},"setupNodeEvents":"[Function setupNodeEvents]","excludeSpecPattern":[],"testIsolation":false,"envFile":{},"projectRoot":"D:\\CypressAutomation","projectName":"CypressAutomation","repoRoot":"D:/CypressAutomation"},"configFile":"cypress.config.js","morgan":false,"isTextTerminal":true,"socketId":"ogvou384nn","report":true,"animationDistanceThreshold":5,"arch":"x64","baseUrl":null,"blockHosts":null,"chromeWebSecurity":true,"clientCertificates":[],"defaultCommandTimeout":4000,"downloadsFolder":"D:\\CypressAutomation\\cypress\\downloads","env":{"targetEnvironment":"beta"},"execTimeout":60000,"experimentalCspAllowList":false,"experimentalFetchPolyfill":false,"experimentalInteractiveRunEvents":false,"experimentalRunAllSpecs":false,"experimentalMemoryManagement":false,"experimentalModifyObstructiveThirdPartyCode":false,"experimentalSkipDomainInjection":null,"experimentalOriginDependencies":false,"experimentalSourceRewriting":false,"experimentalSingleTabRunMode":false,"experimentalStudio":false,"experimentalWebKitSupport":false,"fileServerFolder":"D:\\CypressAutomation","fixturesFolder":"D:\\CypressAutomation\\cypress\\fixtures","includeShadowDom":false,"keystrokeDelay":0,"modifyObstructiveCode":true,"numTestsKeptInMemory":0,"platform":"win32","pageLoadTimeout":60000,"port":53490,"projectId":null,"redirectionLimit":20,"requestTimeout":5000,"resolvedNodePath":"C:\\Program Files\\nodejs\\node.exe","resolvedNodeVersion":"18.16.0","responseTimeout":30000,"retries":{"runMode":0,"openMode":0},"screenshotOnRunFailure":true,"screenshotsFolder":"D:\\CypressAutomation\\cypress\\screenshots","slowTestThreshold":10000,"scrollBehavior":"top","supportFile":"D:\\CypressAutomation\\cypress\\support\\e2e.js","supportFolder":"D:\\CypressAutomation\\cypress\\support","taskTimeout":60000,"trashAssetsBeforeRuns":true,"userAgent":null,"video":true,"videoCompression":32,"videosFolder":"D:\\CypressAutomation\\cypress\\videos","videoUploadOnPasses":true,"viewportHeight":660,"viewportWidth":1000,"waitForAnimations":true,"watchForFileChanges":false,"specPattern":"cypress/e2e/**/*.cy.{js,jsx,ts,tsx}","additionalIgnorePattern":[],"autoOpen":false,"browsers":[{"name":"chrome","family":"chromium","channel":"stable","displayName":"Chrome","version":"117.0.5938.132","path":"C:\\Program Files\\Google\\Chrome\\Application\\chrome.exe","minSupportedVersion":64,"majorVersion":"117"},{"name":"edge","family":"chromium","channel":"stable","displayName":"Edge","version":"117.0.2045.47","path":"C:\\Program Files (x86)\\Microsoft\\Edge\\Application\\msedge.exe","minSupportedVersion":79,"majorVersion":"117"},{"name":"electron","channel":"stable","family":"chromium","displayName":"Electron","version":"106.0.5249.51","path":"","majorVersion":106}],"clientRoute":"/__/","cypressBinaryRoot":"C:\\Users\\Vamsi.D\\AppData\\Local\\Cypress\\Cache\\12.16.0\\Cypress\\resources\\app","devServerPublicPathRoute":"/__cypress/src","hosts":null,"isInteractive":true,"namespace":"__cypress","reporterRoute":"/__cypress/reporter","socketIoCookie":"__socket","socketIoRoute":"/__socket","version":"12.16.0","cypressEnv":"production","resolved":{"animationDistanceThreshold":{"value":5,"from":"default"},"arch":{"value":"x64","from":"default"},"baseUrl":{"value":null,"from":"default"},"blockHosts":{"value":null,"from":"default"},"chromeWebSecurity":{"value":true,"from":"default"},"clientCertificates":{"value":[],"from":"default"},"defaultCommandTimeout":{"value":4000,"from":"default"},"downloadsFolder":{"value":"cypress/downloads","from":"default"},"env":{"targetEnvironment":{"value":"beta","from":"cli"}},"execTimeout":{"value":60000,"from":"default"},"experimentalCspAllowList":{"value":false,"from":"default"},"experimentalFetchPolyfill":{"value":false,"from":"default"},"experimentalInteractiveRunEvents":{"value":false,"from":"default"},"experimentalRunAllSpecs":{"value":false,"from":"default"},"experimentalMemoryManagement":{"value":false,"from":"default"},"experimentalModifyObstructiveThirdPartyCode":{"value":false,"from":"default"},"experimentalSkipDomainInjection":{"value":null,"from":"default"},"experimentalOriginDependencies":{"value":false,"from":"default"},"experimentalSourceRewriting":{"value":false,"from":"default"},"experimentalSingleTabRunMode":{"value":false,"from":"default"},"experimentalStudio":{"value":false,"from":"default"},"experimentalWebKitSupport":{"value":false,"from":"default"},"fileServerFolder":{"value":"","from":"default"},"fixturesFolder":{"value":"cypress/fixtures","from":"default"},"excludeSpecPattern":{"value":[],"from":"config"},"includeShadowDom":{"value":false,"from":"default"},"keystrokeDelay":{"value":0,"from":"default"},"modifyObstructiveCode":{"value":true,"from":"default"},"nodeVersion":{"from":"default"},"numTestsKeptInMemory":{"value":0,"from":"config"},"platform":{"value":"win32","from":"default"},"pageLoadTimeout":{"value":60000,"from":"default"},"port":{"value":null,"from":"default"},"projectId":{"value":null,"from":"default"},"redirectionLimit":{"value":20,"from":"default"},"reporter":{"value":"cypress-mochawesome-reporter","from":"config"},"reporterOptions":{"value":{"reportDir":"V:\\AdminReact\\TestReports\\20231003_194701","quiet":false,"saveAllAttempts":true,"overwrite":false,"timestamp":"ddmmyyyy_HHMMss","debug":true},"from":"config"},"requestTimeout":{"value":5000,"from":"default"},"resolvedNodePath":{"value":null,"from":"default"},"resolvedNodeVersion":{"value":null,"from":"default"},"responseTimeout":{"value":30000,"from":"default"},"retries":{"value":{"runMode":0,"openMode":0},"from":"default"},"screenshotOnRunFailure":{"value":true,"from":"default"},"screenshotsFolder":{"value":"cypress/screenshots","from":"default"},"slowTestThreshold":{"value":10000,"from":"default"},"scrollBehavior":{"value":"top","from":"default"},"supportFile":{"value":"cypress/support/e2e.{js,jsx,ts,tsx}","from":"default"},"supportFolder":{"value":false,"from":"default"},"taskTimeout":{"value":60000,"from":"default"},"testIsolation":{"value":false,"from":"config"},"trashAssetsBeforeRuns":{"value":true,"from":"default"},"userAgent":{"value":null,"from":"default"},"video":{"value":true,"from":"default"},"videoCompression":{"value":32,"from":"default"},"videosFolder":{"value":"cypress/videos","from":"default"},"videoUploadOnPasses":{"value":true,"from":"default"},"viewportHeight":{"value":660,"from":"default"},"viewportWidth":{"value":1000,"from":"default"},"waitForAnimations":{"value":true,"from":"default"},"watchForFileChanges":{"value":false,"from":"config"},"specPattern":{"value":"cypress/e2e/**/*.cy.{js,jsx,ts,tsx}","from":"default"},"browsers":{"value":[{"name":"chrome","family":"chromium","channel":"stable","displayName":"Chrome","version":"117.0.5938.132","path":"C:\\Program Files\\Google\\Chrome\\Application\\chrome.exe","minSupportedVersion":64,"majorVersion":"117","isHeadless":false,"isHeaded":true},{"name":"edge","family":"chromium","channel":"stable","displayName":"Edge","version":"117.0.2045.47","path":"C:\\Program Files (x86)\\Microsoft\\Edge\\Application\\msedge.exe","minSupportedVersion":79,"majorVersion":"117"},{"name":"electron","channel":"stable","family":"chromium","displayName":"Electron","version":"106.0.5249.51","path":"","majorVersion":106}],"from":"runtime"},"hosts":{"value":null,"from":"default"},"isInteractive":{"value":true,"from":"default"}},"testingType":"e2e","remote":{"origin":"http://localhost:53490","strategy":"file","fileServer":"http://localhost:53491","domainName":"localhost","props":null},"browser":null,"specs":[],"proxyUrl":"http://localhost:53490","browserUrl":"http://localhost:53490/__/","reporterUrl":"http://localhost:53490/__cypress/reporter","proxyServer":"http://localhost:53490","state":{}}
simple config: {"jsonDir":"V:\\AdminReact\\TestReports\\20231003_194701\\.jsons","reporterOptions":{"reportDir":"V:\\AdminReact\\TestReports\\20231003_194701","quiet":false,"saveAllAttempts":true,"overwrite":false,"timestamp":"ddmmyyyy_HHMMss","debug":true},"screenshotsDir":"D:\\CypressAutomation\\cypress\\screenshots","videosFolder":"D:\\CypressAutomation\\cypress\\videos","outputDir":"V:\\AdminReact\\TestReports\\20231003_194701"}
Remove .jsons folder V:\AdminReact\TestReports\20231003_194701\.jsons
Start generate report process
Read and merge jsons from "V:\AdminReact\TestReports\20231003_194701\.jsons"
Copy media folder from "D:\CypressAutomation\cypress\screenshots" to "V:\AdminReact\TestReports\20231003_194701\screenshots"
Copy media folder from "D:\CypressAutomation\cypress\videos" to "V:\AdminReact\TestReports\20231003_194701\videos"
report before enhance: {"stats":{"suites":1,"tests":2,"passes":2,"pending":0,"failures":0,"testsRegistered":2,"passPercent":100,"pendingPercent":0,"other":0,"hasOther":false,"skipped":0,"hasSkipped":false,"start":"2023-10-03T14:17:09.025Z","end":"2023-10-03T14:17:22.614Z","duration":13589},"results":[{"uuid":"11f84dd5-83e7-4ec7-81a1-846f64dca85a","title":"","fullFile":"cypress\\e2e\\all.cy.js","file":"cypress\\e2e\\all.cy.js","beforeHooks":[],"afterHooks":[],"tests":[{"title":"fails to visit website 1","fullTitle":"fails to visit website 1","timedOut":null,"duration":2564,"state":"passed","speed":"fast","pass":true,"fail":false,"pending":false,"context":"{\n  \"title\": \"cypress-mochawesome-reporter-videos-passed\",\n  \"value\": \"cypress\\\\e2e\\\\all.cy.js\"\n}","code":"cy.visit('http://localhost:5050/home');","err":{},"uuid":"1e48c172-be41-46e2-a5e3-16327c76c7eb","parentUUID":"11f84dd5-83e7-4ec7-81a1-846f64dca85a","isHook":false,"skipped":false}],"suites":[{"uuid":"6067c5a7-4eef-4816-a6bc-fff88a0762f5","title":"AdminFive Login Actions","fullFile":"","file":"","beforeHooks":[],"afterHooks":[],"tests":[{"title":"LoginWithValidCredintials","fullTitle":"AdminFive Login Actions LoginWithValidCredintials","timedOut":null,"duration":8059,"state":"passed","speed":"medium","pass":true,"fail":false,"pending":false,"context":"[\n  {\n    \"title\": \"cypress-mochawesome-reporter-videos-passed\",\n    \"value\": \"cypress\\\\e2e\\\\all.cy.js\"\n  },\n  {\n    \"title\": \"cypress-mochawesome-reporter-screenshots\",\n    \"value\": [\n      [\n        \"\\\\all.cy.js\\\\step1.png\"\n      ]\n    ]\n  },\n  \"&&&UserName----saasone\",\n  \"&&&UserName----abc@1234\"\n]","code":"cy.fixture('Login').then(data => {\n  cy.visit(data.BaseURL);\n  cy.log(`The sansrwdawdraa`);\n  login.setUserName(data.username);\n  login.setPassword(data.password);\n  login.setLoginbutton();\n  cy.wait(2000);\n  home.setHomeTab();\n});","err":{},"uuid":"cbd365e9-cf2e-4c34-947d-a34dcb181977","parentUUID":"6067c5a7-4eef-4816-a6bc-fff88a0762f5","isHook":false,"skipped":false}],"suites":[],"passes":["cbd365e9-cf2e-4c34-947d-a34dcb181977"],"failures":[],"pending":[],"skipped":[],"duration":8059,"root":false,"rootEmpty":false,"_timeout":2000}],"passes":["1e48c172-be41-46e2-a5e3-16327c76c7eb"],"failures":[],"pending":[],"skipped":[],"duration":2564,"root":true,"rootEmpty":false,"_timeout":2000}],"meta":{"mocha":{"version":"7.0.1"},"mochawesome":{"options":{"quiet":false,"reportFilename":"mochawesome","saveHtml":false,"saveJson":true,"consoleReporter":"spec","useInlineDiffs":false,"code":true},"version":"7.1.3"},"marge":{"options":{"reportDir":"V:\\AdminReact\\TestReports\\20231003_194701\\.jsons","quiet":false,"saveAllAttempts":true,"overwrite":false,"timestamp":"ddmmyyyy_HHMMss","debug":true,"html":false,"json":true},"version":"6.2.0"}}}
Enhance report
baseFolder: cypress\e2e
attach media for test "AdminFive Login Actions LoginWithValidCredintials"
found context. type: string. value: [
  {
    "title": "cypress-mochawesome-reporter-videos-passed",
    "value": "cypress\\e2e\\all.cy.js"
  },
  {
    "title": "cypress-mochawesome-reporter-screenshots",
    "value": [
      [
        "\\all.cy.js\\step1.png"
      ]
    ]
  },
  "&&&UserName----saasone",
  "&&&UserName----abc@1234"
]
parsed context type: object. value: [{"title":"cypress-mochawesome-reporter-videos-passed","value":"cypress\\e2e\\all.cy.js"},{"title":"cypress-mochawesome-reporter-screenshots","value":[["\\all.cy.js\\step1.png"]]},"&&&UserName----saasone","&&&UserName----abc@1234"]
screenshots index: 1
screenshots type: object. value: [["\\all.cy.js\\step1.png"]]
video index: 0
videos type: string. value: "cypress\\e2e\\all.cy.js"
final context: [
    "&&&UserName----saasone",
    "&&&UserName----abc@1234",
    {
        "title": "Screenshot (step1)",
        "value": "screenshots\\all.cy.js/step1.png"
    },
    {
        "title": "Spec video recording",
        "value": "videos/all.cy.js.mp4"
    }
]
found 1 tests without suite
attach screenshots for test "fails to visit website 1"
found context. type: string. value: {
  "title": "cypress-mochawesome-reporter-videos-passed",
  "value": "cypress\\e2e\\all.cy.js"
}
parsed context type: object. value: {"title":"cypress-mochawesome-reporter-videos-passed","value":"cypress\\e2e\\all.cy.js"}
parsed context is not an array, transform
transformed parsed context type: object. value: [{"title":"cypress-mochawesome-reporter-videos-passed","value":"cypress\\e2e\\all.cy.js"}]
screenshots index: -1
video index: 0
videos type: string. value: "cypress\\e2e\\all.cy.js"
final context: [
    {
        "title": "Spec video recording",
        "value": "videos/all.cy.js.mp4"
    }
]
report after enhance: {"stats":{"suites":1,"tests":2,"passes":2,"pending":0,"failures":0,"testsRegistered":2,"passPercent":100,"pendingPercent":0,"other":0,"hasOther":false,"skipped":0,"hasSkipped":false,"start":"2023-10-03T14:17:09.025Z","end":"2023-10-03T14:17:22.614Z","duration":13589},"results":[{"uuid":"11f84dd5-83e7-4ec7-81a1-846f64dca85a","title":"","fullFile":"cypress\\e2e\\all.cy.js","file":"cypress\\e2e\\all.cy.js","beforeHooks":[],"afterHooks":[],"tests":[{"title":"fails to visit website 1","fullTitle":"fails to visit website 1","timedOut":null,"duration":2564,"state":"passed","speed":"fast","pass":true,"fail":false,"pending":false,"context":"[\n    {\n        \"title\": \"Spec video recording\",\n        \"value\": \"videos/all.cy.js.mp4\"\n    }\n]","code":"cy.visit('http://localhost:5050/home');","err":{},"uuid":"1e48c172-be41-46e2-a5e3-16327c76c7eb","parentUUID":"11f84dd5-83e7-4ec7-81a1-846f64dca85a","isHook":false,"skipped":false}],"suites":[{"uuid":"6067c5a7-4eef-4816-a6bc-fff88a0762f5","title":"AdminFive Login Actions","fullFile":"cypress\\e2e\\all.cy.js","file":"cypress\\e2e\\all.cy.js","beforeHooks":[],"afterHooks":[],"tests":[{"title":"LoginWithValidCredintials","fullTitle":"AdminFive Login Actions LoginWithValidCredintials","timedOut":null,"duration":8059,"state":"passed","speed":"medium","pass":true,"fail":false,"pending":false,"context":"[\n    \"&&&UserName----saasone\",\n    \"&&&UserName----abc@1234\",\n    {\n        \"title\": \"Screenshot (step1)\",\n        \"value\": \"screenshots\\\\all.cy.js/step1.png\"\n    },\n    {\n        \"title\": \"Spec video recording\",\n        \"value\": \"videos/all.cy.js.mp4\"\n    }\n]","code":"cy.fixture('Login').then(data => {\n  cy.visit(data.BaseURL);\n  cy.log(`The sansrwdawdraa`);\n  login.setUserName(data.username);\n  login.setPassword(data.password);\n  login.setLoginbutton();\n  cy.wait(2000);\n  home.setHomeTab();\n});","err":{},"uuid":"cbd365e9-cf2e-4c34-947d-a34dcb181977","parentUUID":"6067c5a7-4eef-4816-a6bc-fff88a0762f5","isHook":false,"skipped":false}],"suites":[],"passes":["cbd365e9-cf2e-4c34-947d-a34dcb181977"],"failures":[],"pending":[],"skipped":[],"duration":8059,"root":false,"rootEmpty":false,"_timeout":2000}],"passes":["1e48c172-be41-46e2-a5e3-16327c76c7eb"],"failures":[],"pending":[],"skipped":[],"duration":2564,"root":true,"rootEmpty":false,"_timeout":2000}],"meta":{"mocha":{"version":"7.0.1"},"mochawesome":{"options":{"quiet":false,"reportFilename":"mochawesome","saveHtml":false,"saveJson":true,"consoleReporter":"spec","useInlineDiffs":false,"code":true},"version":"7.1.3"},"marge":{"options":{"reportDir":"V:\\AdminReact\\TestReports\\20231003_194701\\.jsons","quiet":false,"saveAllAttempts":true,"overwrite":false,"timestamp":"ddmmyyyy_HHMMss","debug":true,"html":false,"json":true},"version":"6.2.0"}}}
Create HTML report
HTML result: ["V:\\AdminReact\\TestReports\\20231003_194701\\index.html_03102023_194727.html",null]
HTML report successfully created!
V:\AdminReact\TestReports\20231003_194701\index.html_03102023_194727.html
done
